2025-09-07 12:34:57,977-root-INFO-Entered the data ingestion method or component
2025-09-07 12:34:58,122-root-INFO-Connected to MongoDB successfully
2025-09-07 12:34:58,889-root-INFO-Fetched 1353 records from MongoDB
2025-09-07 12:34:58,906-root-INFO-Train-test split initiated
2025-09-07 12:34:58,921-root-INFO-Ingestion of the data is completed
2025-09-07 12:34:58,959-root-INFO-Read train and test data completed
2025-09-07 12:34:58,961-root-INFO-Obtaining preprocessing object
2025-09-07 12:34:58,961-root-INFO-Numerical columns: ['SFH', 'popUpWidnow', 'SSLfinal_State', 'Request_URL', 'URL_of_Anchor', 'web_traffic', 'URL_Length', 'age_of_domain', 'having_IP_Address']
2025-09-07 12:34:58,974-root-INFO-Applying preprocessing object on training & testing dataframes
2025-09-07 12:34:58,988-root-INFO-Data transformation completed successfully
2025-09-07 12:34:58,990-root-INFO-Splitting training and test input data
2025-09-07 12:34:58,990-root-INFO-Training Gradient Boosting Classifier
2025-09-07 12:34:59,788-root-INFO-Model Accuracy: 0.8856
2025-09-07 12:34:59,801-root-INFO-Classification Report:
              precision    recall  f1-score   support

        -1.0       0.91      0.92      0.92       140
         0.0       0.81      0.62      0.70        21
         1.0       0.86      0.89      0.88       110

    accuracy                           0.89       271
   macro avg       0.86      0.81      0.83       271
weighted avg       0.88      0.89      0.88       271

2025-09-07 12:34:59,803-root-INFO-Confusion Matrix:
[[129   0  11]
 [  3  13   5]
 [  9   3  98]]
