2025-09-07 12:32:22,762-root-INFO-Entered the data ingestion method or component
2025-09-07 12:32:22,975-root-INFO-Connected to MongoDB successfully
2025-09-07 12:32:23,771-root-INFO-Fetched 1353 records from MongoDB
2025-09-07 12:32:23,782-root-INFO-Train-test split initiated
2025-09-07 12:32:23,798-root-INFO-Ingestion of the data is completed
2025-09-07 12:32:23,854-root-INFO-Read train and test data completed
2025-09-07 12:32:23,854-root-INFO-Obtaining preprocessing object
2025-09-07 12:32:23,854-root-INFO-Numerical columns: ['SFH', 'popUpWidnow', 'SSLfinal_State', 'Request_URL', 'URL_of_Anchor', 'web_traffic', 'URL_Length', 'age_of_domain', 'having_IP_Address']
2025-09-07 12:32:23,854-root-INFO-Applying preprocessing object on training & testing dataframes
2025-09-07 12:32:23,864-root-INFO-Data transformation completed successfully
2025-09-07 12:32:23,874-root-INFO-Splitting training and test input data
2025-09-07 12:32:23,874-root-INFO-Training Logistic Regression
2025-09-07 12:32:23,893-root-INFO-Model Accuracy: 0.7712
2025-09-07 12:32:23,913-root-INFO-Classification Report:
              precision    recall  f1-score   support

        -1.0       0.86      0.82      0.84       140
         0.0       0.28      0.52      0.37        21
         1.0       0.85      0.75      0.80       110

    accuracy                           0.77       271
   macro avg       0.66      0.70      0.67       271
weighted avg       0.81      0.77      0.79       271

2025-09-07 12:32:23,915-root-INFO-Confusion Matrix:
[[115  13  12]
 [  7  11   3]
 [ 12  15  83]]
